<?xml version="1.0" encoding="UTF-8"?>
<!-- Generated by org.testng.reporters.JUnitReportReporter -->
<testsuite hostname="Pravin" failures="0" tests="1" name="testCases.TC001_AccountRegistrationTest" time="1.980" errors="0" timestamp="2025-09-15T23:11:38 IST" skipped="0">
  <testcase classname="testCases.TC001_AccountRegistrationTest" name="verify_account_registration" time="1.980"/>
</testsuite> <!-- testCases.TC001_AccountRegistrationTest -->
