<?xml version="1.0" encoding="UTF-8"?>
<!-- Generated by org.testng.reporters.JUnitReportReporter -->
<testsuite hostname="Pravin" failures="0" tests="1" name="testCases.TC002_LoginTest" time="1.383" errors="0" timestamp="2025-09-15T23:11:38 IST" skipped="0">
  <testcase classname="testCases.TC002_LoginTest" name="verify_login" time="1.383"/>
</testsuite> <!-- testCases.TC002_LoginTest -->
